<?xml version="1.0" encoding="UTF-8"?>
<!-- Generated by org.testng.reporters.JUnitXMLReporter -->
<testsuite hostname="DESKTOP-MCCRJ8V" ignored="0" name="Default test" tests="6" failures="0" timestamp="20 Dec 2021 17:23:13 GMT" time="8.196" errors="0">
  <testcase name="tc1" time="0.224" classname="org.testng.Task13"/>
  <testcase name="tc2" time="0.362" classname="org.testng.Task13"/>
  <testcase name="tc3" time="0.436" classname="org.testng.Task13"/>
  <testcase name="tc4" time="0.261" classname="org.testng.Task13"/>
  <testcase name="tc5" time="0.207" classname="org.testng.Task13"/>
  <testcase name="tc6" time="0.286" classname="org.testng.Task13"/>
</testsuite> <!-- Default test -->
